<html>
<head>
<title>TestNG:  Default test</title>
<link href="../testng.css" rel="stylesheet" type="text/css" />
<link href="../my-testng.css" rel="stylesheet" type="text/css" />

<style type="text/css">
.log { display: none;} 
.stack-trace { display: none;} 
</style>
<script type="text/javascript">
<!--
function flip(e) {
  current = e.style.display;
  if (current == 'block') {
    e.style.display = 'none';
    return 0;
  }
  else {
    e.style.display = 'block';
    return 1;
  }
}

function toggleBox(szDivId, elem, msg1, msg2)
{
  var res = -1;  if (document.getElementById) {
    res = flip(document.getElementById(szDivId));
  }
  else if (document.all) {
    // this is the way old msie versions work
    res = flip(document.all[szDivId]);
  }
  if(elem) {
    if(res == 0) elem.innerHTML = msg1; else elem.innerHTML = msg2;
  }

}

function toggleAllBoxes() {
  if (document.getElementsByTagName) {
    d = document.getElementsByTagName('div');
    for (i = 0; i < d.length; i++) {
      if (d[i].className == 'log') {
        flip(d[i]);
      }
    }
  }
}

// -->
</script>

</head>
<body>
<h2 align='center'>Default test</h2><table border='1' align="center">
<tr>
<td>Tests passed/Failed/Skipped:</td><td>0/0/48</td>
</tr><tr>
<td>Started on:</td><td>Thu May 07 16:27:39 CST 2020</td>
</tr>
<tr><td>Total time:</td><td>6 seconds (6084 ms)</td>
</tr><tr>
<td>Included groups:</td><td></td>
</tr><tr>
<td>Excluded groups:</td><td></td>
</tr>
</table><p/>
<small><i>(Hover the method name to see the test class name)</i></small><p/>
<table width='100%' border='1' class='invocation-failed'>
<tr><td colspan='4' align='center'><b>FAILED CONFIGURATIONS</b></td></tr>
<tr><td><b>Test method</b></td>
<td width="30%"><b>Exception</b></td>
<td width="10%"><b>Time (seconds)</b></td>
<td><b>Instance</b></td>
</tr>
<tr>
<td title='lixiaoyue.testcase.WeTest.globalSetup()'><b>globalSetup</b><br>Test class: lixiaoyue.testcase.WeTest</td>
<td><div><pre>org.openqa.selenium.SessionNotCreatedException: Unable to create a new remote session. Please check the server log for more details. Original error: An unknown server-side error occurred while processing the command. Original error: Cannot start the &apos;com.onepilltest&apos; application. Visit https://github.com/appium/appium/blob/master/docs/en/writing-running-appium/android/activity-startup.md for troubleshooting. Original error: Error executing adbExec. Original error: &apos;Command &apos;C:\\Users\\Y\\AppData\\Local\\Android\\Sdk\\platform-tools\\adb.exe -P 5037 -s emulator-5554 shell am start -W -n com.onepilltest/.welcome.WelcomeActivity -S&apos; timed out after 20000ms&apos;. Try to increase the 20000ms adb execution timeout represented by &apos;adbExecTimeout&apos; capability
Build info: version: &apos;3.141.59&apos;, revision: &apos;e82be7d358&apos;, time: &apos;2018-11-14T08:25:53&apos;
System info: host: &apos;DELL-5110&apos;, ip: &apos;192.168.43.137&apos;, os.name: &apos;Windows 7&apos;, os.arch: &apos;amd64&apos;, os.version: &apos;6.1&apos;, java.version: &apos;1.8.0_73&apos;
Driver info: driver.version: AndroidDriver
remote stacktrace: UnknownError: An unknown server-side error occurred while processing the command. Original error: Cannot start the &apos;com.onepilltest&apos; application. Visit https://github.com/appium/appium/blob/master/docs/en/writing-running-appium/android/activity-startup.md for troubleshooting. Original error: Error executing adbExec. Original error: &apos;Command &apos;C:\\Users\\Y\\AppData\\Local\\Android\\Sdk\\platform-tools\\adb.exe -P 5037 -s emulator-5554 shell am start -W -n com.onepilltest/.welcome.WelcomeActivity -S&apos; timed out after 20000ms&apos;. Try to increase the 20000ms adb execution timeout represented by &apos;adbExecTimeout&apos; capability
    at getResponseForW3CError (C:\Users\Y\AppData\Local\Programs\Appium\resources\app\node_modules\appium\node_modules\appium-base-driver\lib\protocol\errors.js:804:9)
    at asyncHandler (C:\Users\Y\AppData\Local\Programs\Appium\resources\app\node_modules\appium\node_modules\appium-base-driver\lib\protocol\protocol.js:388:37)
    at process._tickCallback (internal/process/next_tick.js:68:7)
Build info: version: &apos;3.141.59&apos;, revision: &apos;e82be7d358&apos;, time: &apos;2018-11-14T08:25:53&apos;
System info: host: &apos;DELL-5110&apos;, ip: &apos;192.168.43.137&apos;, os.name: &apos;Windows 7&apos;, os.arch: &apos;amd64&apos;, os.version: &apos;6.1&apos;, java.version: &apos;1.8.0_73&apos;
Driver info: driver.version: AndroidDriver
	at io.appium.java_client.remote.AppiumCommandExecutor$1.createSession(AppiumCommandExecutor.java:208)
	at io.appium.java_client.remote.AppiumCommandExecutor.createSession(AppiumCommandExecutor.java:217)
	at io.appium.java_client.remote.AppiumCommandExecutor.execute(AppiumCommandExecutor.java:239)
	at org.openqa.selenium.remote.RemoteWebDriver.execute(RemoteWebDriver.java:552)
	at io.appium.java_client.DefaultGenericMobileDriver.execute(DefaultGenericMobileDriver.java:41)
	at io.appium.java_client.AppiumDriver.execute(AppiumDriver.java:1)
	at io.appium.java_client.android.AndroidDriver.execute(AndroidDriver.java:1)
	at org.openqa.selenium.remote.RemoteWebDriver.startSession(RemoteWebDriver.java:213)
	at io.appium.java_client.AppiumDriver.startSession(AppiumDriver.java:336)
	at org.openqa.selenium.remote.RemoteWebDriver.&lt;init&gt;(RemoteWebDriver.java:131)
	at io.appium.java_client.DefaultGenericMobileDriver.&lt;init&gt;(DefaultGenericMobileDriver.java:37)
	at io.appium.java_client.AppiumDriver.&lt;init&gt;(AppiumDriver.java:88)
	at io.appium.java_client.AppiumDriver.&lt;init&gt;(AppiumDriver.java:98)
	at io.appium.java_client.android.AndroidDriver.&lt;init&gt;(AndroidDriver.java:94)
	at lixiaoyue.base.BaseTest.globalSetup(BaseTest.java:31)
	at sun.reflect.NativeMethodAccessorImpl.invoke0(Native Method)
	at sun.reflect.NativeMethodAccessorImpl.invoke(NativeMethodAccessorImpl.java:62)
	at sun.reflect.DelegatingMethodAccessorImpl.invoke(DelegatingMethodAccessorImpl.java:43)
	at java.lang.reflect.Method.invoke(Method.java:497)
	at org.testng.internal.MethodInvocationHelper.invokeMethod(MethodInvocationHelper.java:100)
	at org.testng.internal.Invoker.invokeConfigurationMethod(Invoker.java:515)
	at org.testng.internal.Invoker.invokeConfigurations(Invoker.java:216)
	at org.testng.internal.Invoker.invokeConfigurations(Invoker.java:143)
	at org.testng.SuiteRunner.privateRun(SuiteRunner.java:305)
	at org.testng.SuiteRunner.run(SuiteRunner.java:268)
	at org.testng.SuiteRunnerWorker.runSuite(SuiteRunnerWorker.java:52)
	at org.testng.SuiteRunnerWorker.run(SuiteRunnerWorker.java:86)
	at org.testng.TestNG.runSuitesSequentially(TestNG.java:1264)
	at org.testng.TestNG.runSuitesLocally(TestNG.java:1189)
	at org.testng.TestNG.runSuites(TestNG.java:1104)
	at org.testng.TestNG.run(TestNG.java:1076)
	at org.testng.remote.AbstractRemoteTestNG.run(AbstractRemoteTestNG.java:126)
	at org.testng.remote.RemoteTestNG.initAndRun(RemoteTestNG.java:152)
	at org.testng.remote.RemoteTestNG.main(RemoteTestNG.java:57)
Caused by: java.lang.reflect.InvocationTargetException
	at sun.reflect.NativeMethodAccessorImpl.invoke0(Native Method)
	at sun.reflect.NativeMethodAccessorImpl.invoke(NativeMethodAccessorImpl.java:62)
	at sun.reflect.DelegatingMethodAccessorImpl.invoke(DelegatingMethodAccessorImpl.java:43)
	at java.lang.reflect.Method.invoke(Method.java:497)
	at io.appium.java_client.remote.AppiumCommandExecutor$1.createSession(AppiumCommandExecutor.java:186)
	... 33 more
Caused by: org.openqa.selenium.WebDriverException: An unknown server-side error occurred while processing the command. Original error: Cannot start the &apos;com.onepilltest&apos; application. Visit https://github.com/appium/appium/blob/master/docs/en/writing-running-appium/android/activity-startup.md for troubleshooting. Original error: Error executing adbExec. Original error: &apos;Command &apos;C:\\Users\\Y\\AppData\\Local\\Android\\Sdk\\platform-tools\\adb.exe -P 5037 -s emulator-5554 shell am start -W -n com.onepilltest/.welcome.WelcomeActivity -S&apos; timed out after 20000ms&apos;. Try to increase the 20000ms adb execution timeout represented by &apos;adbExecTimeout&apos; capability
Build info: version: &apos;3.141.59&apos;, revision: &apos;e82be7d358&apos;, time: &apos;2018-11-14T08:25:53&apos;
System info: host: &apos;DELL-5110&apos;, ip: &apos;192.168.43.137&apos;, os.name: &apos;Windows 7&apos;, os.arch: &apos;amd64&apos;, os.version: &apos;6.1&apos;, java.version: &apos;1.8.0_73&apos;
Driver info: driver.version: AndroidDriver
remote stacktrace: UnknownError: An unknown server-side error occurred while processing the command. Original error: Cannot start the &apos;com.onepilltest&apos; application. Visit https://github.com/appium/appium/blob/master/docs/en/writing-running-appium/android/activity-startup.md for troubleshooting. Original error: Error executing adbExec. Original error: &apos;Command &apos;C:\\Users\\Y\\AppData\\Local\\Android\\Sdk\\platform-tools\\adb.exe -P 5037 -s emulator-5554 shell am start -W -n com.onepilltest/.welcome.WelcomeActivity -S&apos; timed out after 20000ms&apos;. Try to increase the 20000ms adb execution timeout represented by &apos;adbExecTimeout&apos; capability
    at getResponseForW3CError (C:\Users\Y\AppData\Local\Programs\Appium\resources\app\node_modules\appium\node_modules\appium-base-driver\lib\protocol\errors.js:804:9)
    at asyncHandler (C:\Users\Y\AppData\Local\Programs\Appium\resources\app\node_modules\appium\node_modules\appium-base-driver\lib\protocol\protocol.js:388:37)
    at process._tickCallback (internal/process/next_tick.js:68:7)
	at sun.reflect.NativeConstructorAccessorImpl.newInstance0(Native Method)
	at sun.reflect.NativeConstructorAccessorImpl.newInstance(NativeConstructorAccessorImpl.java:62)
	at sun.reflect.DelegatingConstructorAccessorImpl.newInstance(DelegatingConstructorAccessorImpl.java:45)
	at java.lang.reflect.Constructor.newInstance(Constructor.java:422)
	at org.openqa.selenium.remote.W3CHandshakeResponse.lambda$errorHandler$0(W3CHandshakeResponse.java:62)
	at org.openqa.selenium.remote.HandshakeResponse.lambda$getResponseFunction$0(HandshakeResponse.java:30)
	at org.openqa.selenium.remote.ProtocolHandshake.lambda$createSession$0(ProtocolHandshake.java:126)
	at java.util.stream.ReferencePipeline$3$1.accept(ReferencePipeline.java:193)
	at java.util.Spliterators$ArraySpliterator.tryAdvance(Spliterators.java:958)
	at java.util.stream.ReferencePipeline.forEachWithCancel(ReferencePipeline.java:126)
	at java.util.stream.AbstractPipeline.copyIntoWithCancel(AbstractPipeline.java:498)
	at java.util.stream.AbstractPipeline.copyInto(AbstractPipeline.java:485)
	at java.util.stream.AbstractPipeline.wrapAndCopyInto(AbstractPipeline.java:471)
	at java.util.stream.FindOps$FindOp.evaluateSequential(FindOps.java:152)
	at java.util.stream.AbstractPipeline.evaluate(AbstractPipeline.java:234)
	at java.util.stream.ReferencePipeline.findFirst(ReferencePipeline.java:464)
	at org.openqa.selenium.remote.ProtocolHandshake.createSession(ProtocolHandshake.java:128)
	... 38 more
</pre></div><a href='#' onClick='toggleBox("stack-trace1606286799", this, "Click to show all stack frames", "Click to hide stack frames")'>Click to show all stack frames</a>
<div class='stack-trace' id='stack-trace1606286799'><pre>org.openqa.selenium.SessionNotCreatedException: Unable to create a new remote session. Please check the server log for more details. Original error: An unknown server-side error occurred while processing the command. Original error: Cannot start the &apos;com.onepilltest&apos; application. Visit https://github.com/appium/appium/blob/master/docs/en/writing-running-appium/android/activity-startup.md for troubleshooting. Original error: Error executing adbExec. Original error: &apos;Command &apos;C:\\Users\\Y\\AppData\\Local\\Android\\Sdk\\platform-tools\\adb.exe -P 5037 -s emulator-5554 shell am start -W -n com.onepilltest/.welcome.WelcomeActivity -S&apos; timed out after 20000ms&apos;. Try to increase the 20000ms adb execution timeout represented by &apos;adbExecTimeout&apos; capability
Build info: version: &apos;3.141.59&apos;, revision: &apos;e82be7d358&apos;, time: &apos;2018-11-14T08:25:53&apos;
System info: host: &apos;DELL-5110&apos;, ip: &apos;192.168.43.137&apos;, os.name: &apos;Windows 7&apos;, os.arch: &apos;amd64&apos;, os.version: &apos;6.1&apos;, java.version: &apos;1.8.0_73&apos;
Driver info: driver.version: AndroidDriver
remote stacktrace: UnknownError: An unknown server-side error occurred while processing the command. Original error: Cannot start the &apos;com.onepilltest&apos; application. Visit https://github.com/appium/appium/blob/master/docs/en/writing-running-appium/android/activity-startup.md for troubleshooting. Original error: Error executing adbExec. Original error: &apos;Command &apos;C:\\Users\\Y\\AppData\\Local\\Android\\Sdk\\platform-tools\\adb.exe -P 5037 -s emulator-5554 shell am start -W -n com.onepilltest/.welcome.WelcomeActivity -S&apos; timed out after 20000ms&apos;. Try to increase the 20000ms adb execution timeout represented by &apos;adbExecTimeout&apos; capability
    at getResponseForW3CError (C:\Users\Y\AppData\Local\Programs\Appium\resources\app\node_modules\appium\node_modules\appium-base-driver\lib\protocol\errors.js:804:9)
    at asyncHandler (C:\Users\Y\AppData\Local\Programs\Appium\resources\app\node_modules\appium\node_modules\appium-base-driver\lib\protocol\protocol.js:388:37)
    at process._tickCallback (internal/process/next_tick.js:68:7)
Build info: version: &apos;3.141.59&apos;, revision: &apos;e82be7d358&apos;, time: &apos;2018-11-14T08:25:53&apos;
System info: host: &apos;DELL-5110&apos;, ip: &apos;192.168.43.137&apos;, os.name: &apos;Windows 7&apos;, os.arch: &apos;amd64&apos;, os.version: &apos;6.1&apos;, java.version: &apos;1.8.0_73&apos;
Driver info: driver.version: AndroidDriver
	at io.appium.java_client.remote.AppiumCommandExecutor$1.createSession(AppiumCommandExecutor.java:208)
	at io.appium.java_client.remote.AppiumCommandExecutor.createSession(AppiumCommandExecutor.java:217)
	at io.appium.java_client.remote.AppiumCommandExecutor.execute(AppiumCommandExecutor.java:239)
	at org.openqa.selenium.remote.RemoteWebDriver.execute(RemoteWebDriver.java:552)
	at io.appium.java_client.DefaultGenericMobileDriver.execute(DefaultGenericMobileDriver.java:41)
	at io.appium.java_client.AppiumDriver.execute(AppiumDriver.java:1)
	at io.appium.java_client.android.AndroidDriver.execute(AndroidDriver.java:1)
	at org.openqa.selenium.remote.RemoteWebDriver.startSession(RemoteWebDriver.java:213)
	at io.appium.java_client.AppiumDriver.startSession(AppiumDriver.java:336)
	at org.openqa.selenium.remote.RemoteWebDriver.&lt;init&gt;(RemoteWebDriver.java:131)
	at io.appium.java_client.DefaultGenericMobileDriver.&lt;init&gt;(DefaultGenericMobileDriver.java:37)
	at io.appium.java_client.AppiumDriver.&lt;init&gt;(AppiumDriver.java:88)
	at io.appium.java_client.AppiumDriver.&lt;init&gt;(AppiumDriver.java:98)
	at io.appium.java_client.android.AndroidDriver.&lt;init&gt;(AndroidDriver.java:94)
	at lixiaoyue.base.BaseTest.globalSetup(BaseTest.java:31)
	at sun.reflect.NativeMethodAccessorImpl.invoke0(Native Method)
	at sun.reflect.NativeMethodAccessorImpl.invoke(NativeMethodAccessorImpl.java:62)
	at sun.reflect.DelegatingMethodAccessorImpl.invoke(DelegatingMethodAccessorImpl.java:43)
	at java.lang.reflect.Method.invoke(Method.java:497)
	at org.testng.internal.MethodInvocationHelper.invokeMethod(MethodInvocationHelper.java:100)
	at org.testng.internal.Invoker.invokeConfigurationMethod(Invoker.java:515)
	at org.testng.internal.Invoker.invokeConfigurations(Invoker.java:216)
	at org.testng.internal.Invoker.invokeConfigurations(Invoker.java:143)
	at org.testng.SuiteRunner.privateRun(SuiteRunner.java:305)
	at org.testng.SuiteRunner.run(SuiteRunner.java:268)
	at org.testng.SuiteRunnerWorker.runSuite(SuiteRunnerWorker.java:52)
	at org.testng.SuiteRunnerWorker.run(SuiteRunnerWorker.java:86)
	at org.testng.TestNG.runSuitesSequentially(TestNG.java:1264)
	at org.testng.TestNG.runSuitesLocally(TestNG.java:1189)
	at org.testng.TestNG.runSuites(TestNG.java:1104)
	at org.testng.TestNG.run(TestNG.java:1076)
	at org.testng.remote.AbstractRemoteTestNG.run(AbstractRemoteTestNG.java:126)
	at org.testng.remote.RemoteTestNG.initAndRun(RemoteTestNG.java:152)
	at org.testng.remote.RemoteTestNG.main(RemoteTestNG.java:57)
Caused by: java.lang.reflect.InvocationTargetException
	at sun.reflect.NativeMethodAccessorImpl.invoke0(Native Method)
	at sun.reflect.NativeMethodAccessorImpl.invoke(NativeMethodAccessorImpl.java:62)
	at sun.reflect.DelegatingMethodAccessorImpl.invoke(DelegatingMethodAccessorImpl.java:43)
	at java.lang.reflect.Method.invoke(Method.java:497)
	at io.appium.java_client.remote.AppiumCommandExecutor$1.createSession(AppiumCommandExecutor.java:186)
	... 33 more
Caused by: org.openqa.selenium.WebDriverException: An unknown server-side error occurred while processing the command. Original error: Cannot start the &apos;com.onepilltest&apos; application. Visit https://github.com/appium/appium/blob/master/docs/en/writing-running-appium/android/activity-startup.md for troubleshooting. Original error: Error executing adbExec. Original error: &apos;Command &apos;C:\\Users\\Y\\AppData\\Local\\Android\\Sdk\\platform-tools\\adb.exe -P 5037 -s emulator-5554 shell am start -W -n com.onepilltest/.welcome.WelcomeActivity -S&apos; timed out after 20000ms&apos;. Try to increase the 20000ms adb execution timeout represented by &apos;adbExecTimeout&apos; capability
Build info: version: &apos;3.141.59&apos;, revision: &apos;e82be7d358&apos;, time: &apos;2018-11-14T08:25:53&apos;
System info: host: &apos;DELL-5110&apos;, ip: &apos;192.168.43.137&apos;, os.name: &apos;Windows 7&apos;, os.arch: &apos;amd64&apos;, os.version: &apos;6.1&apos;, java.version: &apos;1.8.0_73&apos;
Driver info: driver.version: AndroidDriver
remote stacktrace: UnknownError: An unknown server-side error occurred while processing the command. Original error: Cannot start the &apos;com.onepilltest&apos; application. Visit https://github.com/appium/appium/blob/master/docs/en/writing-running-appium/android/activity-startup.md for troubleshooting. Original error: Error executing adbExec. Original error: &apos;Command &apos;C:\\Users\\Y\\AppData\\Local\\Android\\Sdk\\platform-tools\\adb.exe -P 5037 -s emulator-5554 shell am start -W -n com.onepilltest/.welcome.WelcomeActivity -S&apos; timed out after 20000ms&apos;. Try to increase the 20000ms adb execution timeout represented by &apos;adbExecTimeout&apos; capability
    at getResponseForW3CError (C:\Users\Y\AppData\Local\Programs\Appium\resources\app\node_modules\appium\node_modules\appium-base-driver\lib\protocol\errors.js:804:9)
    at asyncHandler (C:\Users\Y\AppData\Local\Programs\Appium\resources\app\node_modules\appium\node_modules\appium-base-driver\lib\protocol\protocol.js:388:37)
    at process._tickCallback (internal/process/next_tick.js:68:7)
	at sun.reflect.NativeConstructorAccessorImpl.newInstance0(Native Method)
	at sun.reflect.NativeConstructorAccessorImpl.newInstance(NativeConstructorAccessorImpl.java:62)
	at sun.reflect.DelegatingConstructorAccessorImpl.newInstance(DelegatingConstructorAccessorImpl.java:45)
	at java.lang.reflect.Constructor.newInstance(Constructor.java:422)
	at org.openqa.selenium.remote.W3CHandshakeResponse.lambda$errorHandler$0(W3CHandshakeResponse.java:62)
	at org.openqa.selenium.remote.HandshakeResponse.lambda$getResponseFunction$0(HandshakeResponse.java:30)
	at org.openqa.selenium.remote.ProtocolHandshake.lambda$createSession$0(ProtocolHandshake.java:126)
	at java.util.stream.ReferencePipeline$3$1.accept(ReferencePipeline.java:193)
	at java.util.Spliterators$ArraySpliterator.tryAdvance(Spliterators.java:958)
	at java.util.stream.ReferencePipeline.forEachWithCancel(ReferencePipeline.java:126)
	at java.util.stream.AbstractPipeline.copyIntoWithCancel(AbstractPipeline.java:498)
	at java.util.stream.AbstractPipeline.copyInto(AbstractPipeline.java:485)
	at java.util.stream.AbstractPipeline.wrapAndCopyInto(AbstractPipeline.java:471)
	at java.util.stream.FindOps$FindOp.evaluateSequential(FindOps.java:152)
	at java.util.stream.AbstractPipeline.evaluate(AbstractPipeline.java:234)
	at java.util.stream.ReferencePipeline.findFirst(ReferencePipeline.java:464)
	at org.openqa.selenium.remote.ProtocolHandshake.createSession(ProtocolHandshake.java:128)
	... 38 more
</pre></div></td>
<td>0</td>
<td>null</td></tr>
</table><p>
<table width='100%' border='1' class='invocation-skipped'>
<tr><td colspan='4' align='center'><b>SKIPPED TESTS</b></td></tr>
<tr><td><b>Test method</b></td>
<td width="30%"><b>Exception</b></td>
<td width="10%"><b>Time (seconds)</b></td>
<td><b>Instance</b></td>
</tr>
<tr>
<td title='lixiaoyue.testcase.WeTest.ClickBack()'><b>ClickBack</b><br>Test class: lixiaoyue.testcase.WeTest<br>Test method: 返回</td>
<td></td>
<td>0</td>
<td>lixiaoyue.testcase.WeTest@31610302</td></tr>
<tr>
<td title='lixiaoyue.testcase.WeTest.ClickDoc()'><b>ClickDoc</b><br>Test class: lixiaoyue.testcase.WeTest<br>Test method: 医生</td>
<td></td>
<td>0</td>
<td>lixiaoyue.testcase.WeTest@31610302</td></tr>
<tr>
<td title='lixiaoyue.testcase.WeTest.ClickFirst()'><b>ClickFirst</b><br>Test class: lixiaoyue.testcase.WeTest<br>Test method: 点击首页</td>
<td></td>
<td>0</td>
<td>lixiaoyue.testcase.WeTest@31610302</td></tr>
<tr>
<td title='lixiaoyue.testcase.WeTest.ClickGet()'><b>ClickGet</b><br>Test class: lixiaoyue.testcase.WeTest<br>Test method: 关注与收藏</td>
<td></td>
<td>0</td>
<td>lixiaoyue.testcase.WeTest@31610302</td></tr>
<tr>
<td title='lixiaoyue.testcase.WeTest.ClickMed()'><b>ClickMed</b><br>Test class: lixiaoyue.testcase.WeTest<br>Test method: 药品</td>
<td></td>
<td>0</td>
<td>lixiaoyue.testcase.WeTest@31610302</td></tr>
<tr>
<td title='lixiaoyue.testcase.WeTest.ClickWe()'><b>ClickWe</b><br>Test class: lixiaoyue.testcase.WeTest<br>Test method: 点击我们</td>
<td></td>
<td>0</td>
<td>lixiaoyue.testcase.WeTest@31610302</td></tr>
<tr>
<td title='lixiaoyue.testcase.WeTest.EditQuestion()'><b>EditQuestion</b><br>Test class: lixiaoyue.testcase.WeTest<br>Test method: 输入问题<br>Parameters: 哈哈哈哈</td>
<td></td>
<td>0</td>
<td>lixiaoyue.testcase.WeTest@31610302</td></tr>
<tr>
<td title='lixiaoyue.testcase.WeTest.EditQuestion()'><b>EditQuestion</b><br>Test class: lixiaoyue.testcase.WeTest<br>Test method: 输入问题<br>Parameters: 123</td>
<td></td>
<td>0</td>
<td>lixiaoyue.testcase.WeTest@31610302</td></tr>
<tr>
<td title='lixiaoyue.testcase.WeTest.EditQuestion()'><b>EditQuestion</b><br>Test class: lixiaoyue.testcase.WeTest<br>Test method: 输入问题<br>Parameters: abcd</td>
<td></td>
<td>0</td>
<td>lixiaoyue.testcase.WeTest@31610302</td></tr>
<tr>
<td title='lixiaoyue.testcase.WeTest.EditQuestion()'><b>EditQuestion</b><br>Test class: lixiaoyue.testcase.WeTest<br>Test method: 输入问题<br>Parameters: !@#$%^&</td>
<td></td>
<td>0</td>
<td>lixiaoyue.testcase.WeTest@31610302</td></tr>
<tr>
<td title='lixiaoyue.testcase.WeTest.EditQuestion()'><b>EditQuestion</b><br>Test class: lixiaoyue.testcase.WeTest<br>Test method: 输入问题<br>Parameters:  </td>
<td></td>
<td>0</td>
<td>lixiaoyue.testcase.WeTest@31610302</td></tr>
<tr>
<td title='lixiaoyue.testcase.WeTest.SelectDoctor()'><b>SelectDoctor</b><br>Test class: lixiaoyue.testcase.WeTest<br>Test method: 输入QQ<br>Parameters: 哈哈哈哈</td>
<td></td>
<td>0</td>
<td>lixiaoyue.testcase.WeTest@31610302</td></tr>
<tr>
<td title='lixiaoyue.testcase.WeTest.SelectDoctor()'><b>SelectDoctor</b><br>Test class: lixiaoyue.testcase.WeTest<br>Test method: 输入QQ<br>Parameters: 123</td>
<td></td>
<td>0</td>
<td>lixiaoyue.testcase.WeTest@31610302</td></tr>
<tr>
<td title='lixiaoyue.testcase.WeTest.SelectDoctor()'><b>SelectDoctor</b><br>Test class: lixiaoyue.testcase.WeTest<br>Test method: 输入QQ<br>Parameters: abcd</td>
<td></td>
<td>0</td>
<td>lixiaoyue.testcase.WeTest@31610302</td></tr>
<tr>
<td title='lixiaoyue.testcase.WeTest.SelectDoctor()'><b>SelectDoctor</b><br>Test class: lixiaoyue.testcase.WeTest<br>Test method: 输入QQ<br>Parameters: !@#$%^&</td>
<td></td>
<td>0</td>
<td>lixiaoyue.testcase.WeTest@31610302</td></tr>
<tr>
<td title='lixiaoyue.testcase.WeTest.SelectDoctor()'><b>SelectDoctor</b><br>Test class: lixiaoyue.testcase.WeTest<br>Test method: 输入QQ<br>Parameters:  </td>
<td></td>
<td>0</td>
<td>lixiaoyue.testcase.WeTest@31610302</td></tr>
<tr>
<td title='lixiaoyue.testcase.WeTest.Select_Doctor()'><b>Select_Doctor</b><br>Test class: lixiaoyue.testcase.WeTest<br>Test method: 搜索框查找医生<br>Parameters: .</td>
<td></td>
<td>0</td>
<td>lixiaoyue.testcase.WeTest@31610302</td></tr>
<tr>
<td title='lixiaoyue.testcase.WeTest.Select_Doctor()'><b>Select_Doctor</b><br>Test class: lixiaoyue.testcase.WeTest<br>Test method: 搜索框查找医生<br>Parameters: abcdefg</td>
<td></td>
<td>0</td>
<td>lixiaoyue.testcase.WeTest@31610302</td></tr>
<tr>
<td title='lixiaoyue.testcase.WeTest.Select_Doctor()'><b>Select_Doctor</b><br>Test class: lixiaoyue.testcase.WeTest<br>Test method: 搜索框查找医生<br>Parameters: 1</td>
<td></td>
<td>0</td>
<td>lixiaoyue.testcase.WeTest@31610302</td></tr>
<tr>
<td title='lixiaoyue.testcase.WeTest.Select_Doctor()'><b>Select_Doctor</b><br>Test class: lixiaoyue.testcase.WeTest<br>Test method: 搜索框查找医生<br>Parameters: 123456789101112131415</td>
<td></td>
<td>0</td>
<td>lixiaoyue.testcase.WeTest@31610302</td></tr>
<tr>
<td title='lixiaoyue.testcase.WeTest.Select_Doctor()'><b>Select_Doctor</b><br>Test class: lixiaoyue.testcase.WeTest<br>Test method: 搜索框查找医生<br>Parameters: 哈哈</td>
<td></td>
<td>0</td>
<td>lixiaoyue.testcase.WeTest@31610302</td></tr>
<tr>
<td title='lixiaoyue.testcase.WeTest.Select_Doctor()'><b>Select_Doctor</b><br>Test class: lixiaoyue.testcase.WeTest<br>Test method: 搜索框查找医生<br>Parameters: 去玩儿天宇哼欧帕斯电饭锅好几款了zxcvbnm</td>
<td></td>
<td>0</td>
<td>lixiaoyue.testcase.WeTest@31610302</td></tr>
<tr>
<td title='lixiaoyue.testcase.WeTest.Select_Doctor()'><b>Select_Doctor</b><br>Test class: lixiaoyue.testcase.WeTest<br>Test method: 搜索框查找医生<br>Parameters: 1a</td>
<td></td>
<td>0</td>
<td>lixiaoyue.testcase.WeTest@31610302</td></tr>
<tr>
<td title='lixiaoyue.testcase.WeTest.Select_Doctor()'><b>Select_Doctor</b><br>Test class: lixiaoyue.testcase.WeTest<br>Test method: 搜索框查找医生<br>Parameters: .!@#$%^</td>
<td></td>
<td>0</td>
<td>lixiaoyue.testcase.WeTest@31610302</td></tr>
<tr>
<td title='lixiaoyue.testcase.WeTest.edit_question_tel()'><b>edit_question_tel</b><br>Test class: lixiaoyue.testcase.WeTest<br>Test method: 输入电话 <br>Parameters: 哈哈哈哈</td>
<td></td>
<td>0</td>
<td>lixiaoyue.testcase.WeTest@31610302</td></tr>
<tr>
<td title='lixiaoyue.testcase.WeTest.edit_question_tel()'><b>edit_question_tel</b><br>Test class: lixiaoyue.testcase.WeTest<br>Test method: 输入电话 <br>Parameters: 123</td>
<td></td>
<td>0</td>
<td>lixiaoyue.testcase.WeTest@31610302</td></tr>
<tr>
<td title='lixiaoyue.testcase.WeTest.edit_question_tel()'><b>edit_question_tel</b><br>Test class: lixiaoyue.testcase.WeTest<br>Test method: 输入电话 <br>Parameters: abcd</td>
<td></td>
<td>0</td>
<td>lixiaoyue.testcase.WeTest@31610302</td></tr>
<tr>
<td title='lixiaoyue.testcase.WeTest.edit_question_tel()'><b>edit_question_tel</b><br>Test class: lixiaoyue.testcase.WeTest<br>Test method: 输入电话 <br>Parameters: !@#$%^&</td>
<td></td>
<td>0</td>
<td>lixiaoyue.testcase.WeTest@31610302</td></tr>
<tr>
<td title='lixiaoyue.testcase.WeTest.edit_question_tel()'><b>edit_question_tel</b><br>Test class: lixiaoyue.testcase.WeTest<br>Test method: 输入电话 <br>Parameters:  </td>
<td></td>
<td>0</td>
<td>lixiaoyue.testcase.WeTest@31610302</td></tr>
<tr>
<td title='lixiaoyue.testcase.WeTest.edit_question_tel_help()'><b>edit_question_tel_help</b><br>Test class: lixiaoyue.testcase.WeTest<br>Test method: 输入问题概述<br>Parameters: 哈哈哈哈</td>
<td></td>
<td>0</td>
<td>lixiaoyue.testcase.WeTest@31610302</td></tr>
<tr>
<td title='lixiaoyue.testcase.WeTest.edit_question_tel_help()'><b>edit_question_tel_help</b><br>Test class: lixiaoyue.testcase.WeTest<br>Test method: 输入问题概述<br>Parameters: 123</td>
<td></td>
<td>0</td>
<td>lixiaoyue.testcase.WeTest@31610302</td></tr>
<tr>
<td title='lixiaoyue.testcase.WeTest.edit_question_tel_help()'><b>edit_question_tel_help</b><br>Test class: lixiaoyue.testcase.WeTest<br>Test method: 输入问题概述<br>Parameters: abcd</td>
<td></td>
<td>0</td>
<td>lixiaoyue.testcase.WeTest@31610302</td></tr>
<tr>
<td title='lixiaoyue.testcase.WeTest.edit_question_tel_help()'><b>edit_question_tel_help</b><br>Test class: lixiaoyue.testcase.WeTest<br>Test method: 输入问题概述<br>Parameters: !@#$%^&</td>
<td></td>
<td>0</td>
<td>lixiaoyue.testcase.WeTest@31610302</td></tr>
<tr>
<td title='lixiaoyue.testcase.WeTest.edit_question_tel_help()'><b>edit_question_tel_help</b><br>Test class: lixiaoyue.testcase.WeTest<br>Test method: 输入问题概述<br>Parameters:  </td>
<td></td>
<td>0</td>
<td>lixiaoyue.testcase.WeTest@31610302</td></tr>
<tr>
<td title='lixiaoyue.testcase.WeTest.findDoctor()'><b>findDoctor</b><br>Test class: lixiaoyue.testcase.WeTest<br>Test method: 找医生</td>
<td></td>
<td>0</td>
<td>lixiaoyue.testcase.WeTest@31610302</td></tr>
<tr>
<td title='lixiaoyue.testcase.WeTest.login()'><b>login</b><br>Test class: lixiaoyue.testcase.WeTest</td>
<td></td>
<td>0</td>
<td>lixiaoyue.testcase.WeTest@31610302</td></tr>
<tr>
<td title='lixiaoyue.testcase.WeTest.select_ill()'><b>select_ill</b><br>Test class: lixiaoyue.testcase.WeTest<br>Test method: 按病症匹配医生<br>Parameters: com.onepilltest:id/tb_one</td>
<td></td>
<td>0</td>
<td>lixiaoyue.testcase.WeTest@31610302</td></tr>
<tr>
<td title='lixiaoyue.testcase.WeTest.select_ill()'><b>select_ill</b><br>Test class: lixiaoyue.testcase.WeTest<br>Test method: 按病症匹配医生<br>Parameters: com.onepilltest:id/tb_two</td>
<td></td>
<td>0</td>
<td>lixiaoyue.testcase.WeTest@31610302</td></tr>
<tr>
<td title='lixiaoyue.testcase.WeTest.select_ill()'><b>select_ill</b><br>Test class: lixiaoyue.testcase.WeTest<br>Test method: 按病症匹配医生<br>Parameters: com.onepilltest:id/tb_three</td>
<td></td>
<td>0</td>
<td>lixiaoyue.testcase.WeTest@31610302</td></tr>
<tr>
<td title='lixiaoyue.testcase.WeTest.select_ill()'><b>select_ill</b><br>Test class: lixiaoyue.testcase.WeTest<br>Test method: 按病症匹配医生<br>Parameters: com.onepilltest:id/tb_four</td>
<td></td>
<td>0</td>
<td>lixiaoyue.testcase.WeTest@31610302</td></tr>
<tr>
<td title='lixiaoyue.testcase.WeTest.select_ill()'><b>select_ill</b><br>Test class: lixiaoyue.testcase.WeTest<br>Test method: 按病症匹配医生<br>Parameters: com.onepilltest:id/tb_five</td>
<td></td>
<td>0</td>
<td>lixiaoyue.testcase.WeTest@31610302</td></tr>
<tr>
<td title='lixiaoyue.testcase.WeTest.select_ill()'><b>select_ill</b><br>Test class: lixiaoyue.testcase.WeTest<br>Test method: 按病症匹配医生<br>Parameters: com.onepilltest:id/tb_six</td>
<td></td>
<td>0</td>
<td>lixiaoyue.testcase.WeTest@31610302</td></tr>
<tr>
<td title='lixiaoyue.testcase.WeTest.select_ill()'><b>select_ill</b><br>Test class: lixiaoyue.testcase.WeTest<br>Test method: 按病症匹配医生<br>Parameters: com.onepilltest:id/tb_seven</td>
<td></td>
<td>0</td>
<td>lixiaoyue.testcase.WeTest@31610302</td></tr>
<tr>
<td title='lixiaoyue.testcase.WeTest.select_ill()'><b>select_ill</b><br>Test class: lixiaoyue.testcase.WeTest<br>Test method: 按病症匹配医生<br>Parameters: com.onepilltest:id/tb_eight</td>
<td></td>
<td>0</td>
<td>lixiaoyue.testcase.WeTest@31610302</td></tr>
<tr>
<td title='lixiaoyue.testcase.WeTest.select_ill()'><b>select_ill</b><br>Test class: lixiaoyue.testcase.WeTest<br>Test method: 按病症匹配医生<br>Parameters: com.onepilltest:id/tb_nine</td>
<td></td>
<td>0</td>
<td>lixiaoyue.testcase.WeTest@31610302</td></tr>
<tr>
<td title='lixiaoyue.testcase.WeTest.select_ill()'><b>select_ill</b><br>Test class: lixiaoyue.testcase.WeTest<br>Test method: 按病症匹配医生<br>Parameters: com.onepilltest:id/tb_ten</td>
<td></td>
<td>0</td>
<td>lixiaoyue.testcase.WeTest@31610302</td></tr>
<tr>
<td title='lixiaoyue.testcase.WeTest.select_ill()'><b>select_ill</b><br>Test class: lixiaoyue.testcase.WeTest<br>Test method: 按病症匹配医生<br>Parameters: com.onepilltest:id/tb_eleven</td>
<td></td>
<td>0</td>
<td>lixiaoyue.testcase.WeTest@31610302</td></tr>
<tr>
<td title='lixiaoyue.testcase.WeTest.select_ill()'><b>select_ill</b><br>Test class: lixiaoyue.testcase.WeTest<br>Test method: 按病症匹配医生<br>Parameters: com.onepilltest:id/tb_twelve</td>
<td></td>
<td>0</td>
<td>lixiaoyue.testcase.WeTest@31610302</td></tr>
</table><p>
</body>
</html>