<?xml version="1.0" encoding="UTF-8"?>
<!-- Generated by org.testng.reporters.JUnitXMLReporter -->
<testsuite hostname="dell-5110" name="Default test" tests="48" failures="0" timestamp="7 May 2020 08:27:45 GMT" time="6.084" errors="0">
  <testcase name="@BeforeSuite globalSetup" time="0.0" classname="lixiaoyue.testcase.WeTest">
    <failure type="org.openqa.selenium.SessionNotCreatedException" message="Unable to create a new remote session. Please check the server log for more details. Original error: An unknown server-side error occurred while processing the command. Original error: Cannot start the &amp;apos;com.onepilltest&amp;apos; application. Visit https://github.com/appium/appium/blob/master/docs/en/writing-running-appium/android/activity-startup.md for troubleshooting. Original error: Error executing adbExec. Original error: &amp;apos;Command &amp;apos;C:\\Users\\Y\\AppData\\Local\\Android\\Sdk\\platform-tools\\adb.exe -P 5037 -s emulator-5554 shell am start -W -n com.onepilltest/.welcome.WelcomeActivity -S&amp;apos; timed out after 20000ms&amp;apos;. Try to increase the 20000ms adb execution timeout represented by &amp;apos;adbExecTimeout&amp;apos; capability
Build info: version: &amp;apos;3.141.59&amp;apos;, revision: &amp;apos;e82be7d358&amp;apos;, time: &amp;apos;2018-11-14T08:25:53&amp;apos;
System info: host: &amp;apos;DELL-5110&amp;apos;, ip: &amp;apos;192.168.43.137&amp;apos;, os.name: &amp;apos;Windows 7&amp;apos;, os.arch: &amp;apos;amd64&amp;apos;, os.version: &amp;apos;6.1&amp;apos;, java.version: &amp;apos;1.8.0_73&amp;apos;
Driver info: driver.version: AndroidDriver
remote stacktrace: UnknownError: An unknown server-side error occurred while processing the command. Original error: Cannot start the &amp;apos;com.onepilltest&amp;apos; application. Visit https://github.com/appium/appium/blob/master/docs/en/writing-running-appium/android/activity-startup.md for troubleshooting. Original error: Error executing adbExec. Original error: &amp;apos;Command &amp;apos;C:\\Users\\Y\\AppData\\Local\\Android\\Sdk\\platform-tools\\adb.exe -P 5037 -s emulator-5554 shell am start -W -n com.onepilltest/.welcome.WelcomeActivity -S&amp;apos; timed out after 20000ms&amp;apos;. Try to increase the 20000ms adb execution timeout represented by &amp;apos;adbExecTimeout&amp;apos; capability
    at getResponseForW3CError (C:\Users\Y\AppData\Local\Programs\Appium\resources\app\node_modules\appium\node_modules\appium-base-driver\lib\protocol\errors.js:804:9)
    at asyncHandler (C:\Users\Y\AppData\Local\Programs\Appium\resources\app\node_modules\appium\node_modules\appium-base-driver\lib\protocol\protocol.js:388:37)
    at process._tickCallback (internal/process/next_tick.js:68:7)
Build info: version: &amp;apos;3.141.59&amp;apos;, revision: &amp;apos;e82be7d358&amp;apos;, time: &amp;apos;2018-11-14T08:25:53&amp;apos;
System info: host: &amp;apos;DELL-5110&amp;apos;, ip: &amp;apos;192.168.43.137&amp;apos;, os.name: &amp;apos;Windows 7&amp;apos;, os.arch: &amp;apos;amd64&amp;apos;, os.version: &amp;apos;6.1&amp;apos;, java.version: &amp;apos;1.8.0_73&amp;apos;
Driver info: driver.version: AndroidDriver">
      <![CDATA[org.openqa.selenium.SessionNotCreatedException: Unable to create a new remote session. Please check the server log for more details. Original error: An unknown server-side error occurred while processing the command. Original error: Cannot start the 'com.onepilltest' application. Visit https://github.com/appium/appium/blob/master/docs/en/writing-running-appium/android/activity-startup.md for troubleshooting. Original error: Error executing adbExec. Original error: 'Command 'C:\\Users\\Y\\AppData\\Local\\Android\\Sdk\\platform-tools\\adb.exe -P 5037 -s emulator-5554 shell am start -W -n com.onepilltest/.welcome.WelcomeActivity -S' timed out after 20000ms'. Try to increase the 20000ms adb execution timeout represented by 'adbExecTimeout' capability
Build info: version: '3.141.59', revision: 'e82be7d358', time: '2018-11-14T08:25:53'
System info: host: 'DELL-5110', ip: '192.168.43.137', os.name: 'Windows 7', os.arch: 'amd64', os.version: '6.1', java.version: '1.8.0_73'
Driver info: driver.version: AndroidDriver
remote stacktrace: UnknownError: An unknown server-side error occurred while processing the command. Original error: Cannot start the 'com.onepilltest' application. Visit https://github.com/appium/appium/blob/master/docs/en/writing-running-appium/android/activity-startup.md for troubleshooting. Original error: Error executing adbExec. Original error: 'Command 'C:\\Users\\Y\\AppData\\Local\\Android\\Sdk\\platform-tools\\adb.exe -P 5037 -s emulator-5554 shell am start -W -n com.onepilltest/.welcome.WelcomeActivity -S' timed out after 20000ms'. Try to increase the 20000ms adb execution timeout represented by 'adbExecTimeout' capability
    at getResponseForW3CError (C:\Users\Y\AppData\Local\Programs\Appium\resources\app\node_modules\appium\node_modules\appium-base-driver\lib\protocol\errors.js:804:9)
    at asyncHandler (C:\Users\Y\AppData\Local\Programs\Appium\resources\app\node_modules\appium\node_modules\appium-base-driver\lib\protocol\protocol.js:388:37)
    at process._tickCallback (internal/process/next_tick.js:68:7)
Build info: version: '3.141.59', revision: 'e82be7d358', time: '2018-11-14T08:25:53'
System info: host: 'DELL-5110', ip: '192.168.43.137', os.name: 'Windows 7', os.arch: 'amd64', os.version: '6.1', java.version: '1.8.0_73'
Driver info: driver.version: AndroidDriver
	at io.appium.java_client.remote.AppiumCommandExecutor$1.createSession(AppiumCommandExecutor.java:208)
	at io.appium.java_client.remote.AppiumCommandExecutor.createSession(AppiumCommandExecutor.java:217)
	at io.appium.java_client.remote.AppiumCommandExecutor.execute(AppiumCommandExecutor.java:239)
	at org.openqa.selenium.remote.RemoteWebDriver.execute(RemoteWebDriver.java:552)
	at io.appium.java_client.DefaultGenericMobileDriver.execute(DefaultGenericMobileDriver.java:41)
	at io.appium.java_client.AppiumDriver.execute(AppiumDriver.java:1)
	at io.appium.java_client.android.AndroidDriver.execute(AndroidDriver.java:1)
	at org.openqa.selenium.remote.RemoteWebDriver.startSession(RemoteWebDriver.java:213)
	at io.appium.java_client.AppiumDriver.startSession(AppiumDriver.java:336)
	at org.openqa.selenium.remote.RemoteWebDriver.<init>(RemoteWebDriver.java:131)
	at io.appium.java_client.DefaultGenericMobileDriver.<init>(DefaultGenericMobileDriver.java:37)
	at io.appium.java_client.AppiumDriver.<init>(AppiumDriver.java:88)
	at io.appium.java_client.AppiumDriver.<init>(AppiumDriver.java:98)
	at io.appium.java_client.android.AndroidDriver.<init>(AndroidDriver.java:94)
	at lixiaoyue.base.BaseTest.globalSetup(BaseTest.java:31)
	at sun.reflect.NativeMethodAccessorImpl.invoke0(Native Method)
	at sun.reflect.NativeMethodAccessorImpl.invoke(NativeMethodAccessorImpl.java:62)
	at sun.reflect.DelegatingMethodAccessorImpl.invoke(DelegatingMethodAccessorImpl.java:43)
	at java.lang.reflect.Method.invoke(Method.java:497)
	at org.testng.internal.MethodInvocationHelper.invokeMethod(MethodInvocationHelper.java:100)
	at org.testng.internal.Invoker.invokeConfigurationMethod(Invoker.java:515)
	at org.testng.internal.Invoker.invokeConfigurations(Invoker.java:216)
	at org.testng.internal.Invoker.invokeConfigurations(Invoker.java:143)
	at org.testng.SuiteRunner.privateRun(SuiteRunner.java:305)
	at org.testng.SuiteRunner.run(SuiteRunner.java:268)
	at org.testng.SuiteRunnerWorker.runSuite(SuiteRunnerWorker.java:52)
	at org.testng.SuiteRunnerWorker.run(SuiteRunnerWorker.java:86)
	at org.testng.TestNG.runSuitesSequentially(TestNG.java:1264)
	at org.testng.TestNG.runSuitesLocally(TestNG.java:1189)
	at org.testng.TestNG.runSuites(TestNG.java:1104)
	at org.testng.TestNG.run(TestNG.java:1076)
	at org.testng.remote.AbstractRemoteTestNG.run(AbstractRemoteTestNG.java:126)
	at org.testng.remote.RemoteTestNG.initAndRun(RemoteTestNG.java:152)
	at org.testng.remote.RemoteTestNG.main(RemoteTestNG.java:57)
Caused by: java.lang.reflect.InvocationTargetException
	at sun.reflect.NativeMethodAccessorImpl.invoke0(Native Method)
	at sun.reflect.NativeMethodAccessorImpl.invoke(NativeMethodAccessorImpl.java:62)
	at sun.reflect.DelegatingMethodAccessorImpl.invoke(DelegatingMethodAccessorImpl.java:43)
	at java.lang.reflect.Method.invoke(Method.java:497)
	at io.appium.java_client.remote.AppiumCommandExecutor$1.createSession(AppiumCommandExecutor.java:186)
	... 33 more
Caused by: org.openqa.selenium.WebDriverException: An unknown server-side error occurred while processing the command. Original error: Cannot start the 'com.onepilltest' application. Visit https://github.com/appium/appium/blob/master/docs/en/writing-running-appium/android/activity-startup.md for troubleshooting. Original error: Error executing adbExec. Original error: 'Command 'C:\\Users\\Y\\AppData\\Local\\Android\\Sdk\\platform-tools\\adb.exe -P 5037 -s emulator-5554 shell am start -W -n com.onepilltest/.welcome.WelcomeActivity -S' timed out after 20000ms'. Try to increase the 20000ms adb execution timeout represented by 'adbExecTimeout' capability
Build info: version: '3.141.59', revision: 'e82be7d358', time: '2018-11-14T08:25:53'
System info: host: 'DELL-5110', ip: '192.168.43.137', os.name: 'Windows 7', os.arch: 'amd64', os.version: '6.1', java.version: '1.8.0_73'
Driver info: driver.version: AndroidDriver
remote stacktrace: UnknownError: An unknown server-side error occurred while processing the command. Original error: Cannot start the 'com.onepilltest' application. Visit https://github.com/appium/appium/blob/master/docs/en/writing-running-appium/android/activity-startup.md for troubleshooting. Original error: Error executing adbExec. Original error: 'Command 'C:\\Users\\Y\\AppData\\Local\\Android\\Sdk\\platform-tools\\adb.exe -P 5037 -s emulator-5554 shell am start -W -n com.onepilltest/.welcome.WelcomeActivity -S' timed out after 20000ms'. Try to increase the 20000ms adb execution timeout represented by 'adbExecTimeout' capability
    at getResponseForW3CError (C:\Users\Y\AppData\Local\Programs\Appium\resources\app\node_modules\appium\node_modules\appium-base-driver\lib\protocol\errors.js:804:9)
    at asyncHandler (C:\Users\Y\AppData\Local\Programs\Appium\resources\app\node_modules\appium\node_modules\appium-base-driver\lib\protocol\protocol.js:388:37)
    at process._tickCallback (internal/process/next_tick.js:68:7)
	at sun.reflect.NativeConstructorAccessorImpl.newInstance0(Native Method)
	at sun.reflect.NativeConstructorAccessorImpl.newInstance(NativeConstructorAccessorImpl.java:62)
	at sun.reflect.DelegatingConstructorAccessorImpl.newInstance(DelegatingConstructorAccessorImpl.java:45)
	at java.lang.reflect.Constructor.newInstance(Constructor.java:422)
	at org.openqa.selenium.remote.W3CHandshakeResponse.lambda$errorHandler$0(W3CHandshakeResponse.java:62)
	at org.openqa.selenium.remote.HandshakeResponse.lambda$getResponseFunction$0(HandshakeResponse.java:30)
	at org.openqa.selenium.remote.ProtocolHandshake.lambda$createSession$0(ProtocolHandshake.java:126)
	at java.util.stream.ReferencePipeline$3$1.accept(ReferencePipeline.java:193)
	at java.util.Spliterators$ArraySpliterator.tryAdvance(Spliterators.java:958)
	at java.util.stream.ReferencePipeline.forEachWithCancel(ReferencePipeline.java:126)
	at java.util.stream.AbstractPipeline.copyIntoWithCancel(AbstractPipeline.java:498)
	at java.util.stream.AbstractPipeline.copyInto(AbstractPipeline.java:485)
	at java.util.stream.AbstractPipeline.wrapAndCopyInto(AbstractPipeline.java:471)
	at java.util.stream.FindOps$FindOp.evaluateSequential(FindOps.java:152)
	at java.util.stream.AbstractPipeline.evaluate(AbstractPipeline.java:234)
	at java.util.stream.ReferencePipeline.findFirst(ReferencePipeline.java:464)
	at org.openqa.selenium.remote.ProtocolHandshake.createSession(ProtocolHandshake.java:128)
	... 38 more
]]>
    </failure>
  </testcase> <!-- @BeforeSuite globalSetup -->
  <testcase name="login" time="0.001" classname="lixiaoyue.testcase.WeTest">
    <skipped/>
  </testcase> <!-- login -->
  <testcase name="ClickWe" time="0.001" classname="lixiaoyue.testcase.WeTest">
    <skipped/>
  </testcase> <!-- ClickWe -->
  <testcase name="EditQuestion" time="0.001" classname="lixiaoyue.testcase.WeTest">
    <skipped/>
  </testcase> <!-- EditQuestion -->
  <testcase name="EditQuestion" time="0.0" classname="lixiaoyue.testcase.WeTest">
    <skipped/>
  </testcase> <!-- EditQuestion -->
  <testcase name="EditQuestion" time="0.001" classname="lixiaoyue.testcase.WeTest">
    <skipped/>
  </testcase> <!-- EditQuestion -->
  <testcase name="EditQuestion" time="0.001" classname="lixiaoyue.testcase.WeTest">
    <skipped/>
  </testcase> <!-- EditQuestion -->
  <testcase name="EditQuestion" time="0.002" classname="lixiaoyue.testcase.WeTest">
    <skipped/>
  </testcase> <!-- EditQuestion -->
  <testcase name="edit_question_tel" time="0.0" classname="lixiaoyue.testcase.WeTest">
    <skipped/>
  </testcase> <!-- edit_question_tel -->
  <testcase name="edit_question_tel" time="0.0" classname="lixiaoyue.testcase.WeTest">
    <skipped/>
  </testcase> <!-- edit_question_tel -->
  <testcase name="edit_question_tel" time="0.001" classname="lixiaoyue.testcase.WeTest">
    <skipped/>
  </testcase> <!-- edit_question_tel -->
  <testcase name="edit_question_tel" time="0.0" classname="lixiaoyue.testcase.WeTest">
    <skipped/>
  </testcase> <!-- edit_question_tel -->
  <testcase name="edit_question_tel" time="0.0" classname="lixiaoyue.testcase.WeTest">
    <skipped/>
  </testcase> <!-- edit_question_tel -->
  <testcase name="edit_question_tel_help" time="0.001" classname="lixiaoyue.testcase.WeTest">
    <skipped/>
  </testcase> <!-- edit_question_tel_help -->
  <testcase name="edit_question_tel_help" time="0.0" classname="lixiaoyue.testcase.WeTest">
    <skipped/>
  </testcase> <!-- edit_question_tel_help -->
  <testcase name="edit_question_tel_help" time="0.0" classname="lixiaoyue.testcase.WeTest">
    <skipped/>
  </testcase> <!-- edit_question_tel_help -->
  <testcase name="edit_question_tel_help" time="0.0" classname="lixiaoyue.testcase.WeTest">
    <skipped/>
  </testcase> <!-- edit_question_tel_help -->
  <testcase name="edit_question_tel_help" time="0.0" classname="lixiaoyue.testcase.WeTest">
    <skipped/>
  </testcase> <!-- edit_question_tel_help -->
  <testcase name="SelectDoctor" time="0.0" classname="lixiaoyue.testcase.WeTest">
    <skipped/>
  </testcase> <!-- SelectDoctor -->
  <testcase name="SelectDoctor" time="0.0" classname="lixiaoyue.testcase.WeTest">
    <skipped/>
  </testcase> <!-- SelectDoctor -->
  <testcase name="SelectDoctor" time="0.0" classname="lixiaoyue.testcase.WeTest">
    <skipped/>
  </testcase> <!-- SelectDoctor -->
  <testcase name="SelectDoctor" time="0.0" classname="lixiaoyue.testcase.WeTest">
    <skipped/>
  </testcase> <!-- SelectDoctor -->
  <testcase name="SelectDoctor" time="0.0" classname="lixiaoyue.testcase.WeTest">
    <skipped/>
  </testcase> <!-- SelectDoctor -->
  <testcase name="ClickGet" time="0.0" classname="lixiaoyue.testcase.WeTest">
    <skipped/>
  </testcase> <!-- ClickGet -->
  <testcase name="ClickDoc" time="0.001" classname="lixiaoyue.testcase.WeTest">
    <skipped/>
  </testcase> <!-- ClickDoc -->
  <testcase name="ClickMed" time="0.0" classname="lixiaoyue.testcase.WeTest">
    <skipped/>
  </testcase> <!-- ClickMed -->
  <testcase name="ClickBack" time="0.0" classname="lixiaoyue.testcase.WeTest">
    <skipped/>
  </testcase> <!-- ClickBack -->
  <testcase name="ClickFirst" time="0.001" classname="lixiaoyue.testcase.WeTest">
    <skipped/>
  </testcase> <!-- ClickFirst -->
  <testcase name="findDoctor" time="0.001" classname="lixiaoyue.testcase.WeTest">
    <skipped/>
  </testcase> <!-- findDoctor -->
  <testcase name="Select_Doctor" time="0.0" classname="lixiaoyue.testcase.WeTest">
    <skipped/>
  </testcase> <!-- Select_Doctor -->
  <testcase name="Select_Doctor" time="0.001" classname="lixiaoyue.testcase.WeTest">
    <skipped/>
  </testcase> <!-- Select_Doctor -->
  <testcase name="Select_Doctor" time="0.0" classname="lixiaoyue.testcase.WeTest">
    <skipped/>
  </testcase> <!-- Select_Doctor -->
  <testcase name="Select_Doctor" time="0.0" classname="lixiaoyue.testcase.WeTest">
    <skipped/>
  </testcase> <!-- Select_Doctor -->
  <testcase name="Select_Doctor" time="0.0" classname="lixiaoyue.testcase.WeTest">
    <skipped/>
  </testcase> <!-- Select_Doctor -->
  <testcase name="Select_Doctor" time="0.0" classname="lixiaoyue.testcase.WeTest">
    <skipped/>
  </testcase> <!-- Select_Doctor -->
  <testcase name="Select_Doctor" time="0.0" classname="lixiaoyue.testcase.WeTest">
    <skipped/>
  </testcase> <!-- Select_Doctor -->
  <testcase name="Select_Doctor" time="0.0" classname="lixiaoyue.testcase.WeTest">
    <skipped/>
  </testcase> <!-- Select_Doctor -->
  <testcase name="select_ill" time="0.0" classname="lixiaoyue.testcase.WeTest">
    <skipped/>
  </testcase> <!-- select_ill -->
  <testcase name="select_ill" time="0.001" classname="lixiaoyue.testcase.WeTest">
    <skipped/>
  </testcase> <!-- select_ill -->
  <testcase name="select_ill" time="0.0" classname="lixiaoyue.testcase.WeTest">
    <skipped/>
  </testcase> <!-- select_ill -->
  <testcase name="select_ill" time="0.001" classname="lixiaoyue.testcase.WeTest">
    <skipped/>
  </testcase> <!-- select_ill -->
  <testcase name="select_ill" time="0.0" classname="lixiaoyue.testcase.WeTest">
    <skipped/>
  </testcase> <!-- select_ill -->
  <testcase name="select_ill" time="0.0" classname="lixiaoyue.testcase.WeTest">
    <skipped/>
  </testcase> <!-- select_ill -->
  <testcase name="select_ill" time="0.0" classname="lixiaoyue.testcase.WeTest">
    <skipped/>
  </testcase> <!-- select_ill -->
  <testcase name="select_ill" time="0.001" classname="lixiaoyue.testcase.WeTest">
    <skipped/>
  </testcase> <!-- select_ill -->
  <testcase name="select_ill" time="0.001" classname="lixiaoyue.testcase.WeTest">
    <skipped/>
  </testcase> <!-- select_ill -->
  <testcase name="select_ill" time="0.001" classname="lixiaoyue.testcase.WeTest">
    <skipped/>
  </testcase> <!-- select_ill -->
  <testcase name="select_ill" time="0.0" classname="lixiaoyue.testcase.WeTest">
    <skipped/>
  </testcase> <!-- select_ill -->
  <testcase name="select_ill" time="0.0" classname="lixiaoyue.testcase.WeTest">
    <skipped/>
  </testcase> <!-- select_ill -->
</testsuite> <!-- Default test -->
