<html>
<head>
<title>TestNG:  Default test</title>
<link href="../testng.css" rel="stylesheet" type="text/css" />
<link href="../my-testng.css" rel="stylesheet" type="text/css" />

<style type="text/css">
.log { display: none;} 
.stack-trace { display: none;} 
</style>
<script type="text/javascript">
<!--
function flip(e) {
  current = e.style.display;
  if (current == 'block') {
    e.style.display = 'none';
    return 0;
  }
  else {
    e.style.display = 'block';
    return 1;
  }
}

function toggleBox(szDivId, elem, msg1, msg2)
{
  var res = -1;  if (document.getElementById) {
    res = flip(document.getElementById(szDivId));
  }
  else if (document.all) {
    // this is the way old msie versions work
    res = flip(document.all[szDivId]);
  }
  if(elem) {
    if(res == 0) elem.innerHTML = msg1; else elem.innerHTML = msg2;
  }

}

function toggleAllBoxes() {
  if (document.getElementsByTagName) {
    d = document.getElementsByTagName('div');
    for (i = 0; i < d.length; i++) {
      if (d[i].className == 'log') {
        flip(d[i]);
      }
    }
  }
}

// -->
</script>

</head>
<body>
<h2 align='center'>Default test</h2><table border='1' align="center">
<tr>
<td>Tests passed/Failed/Skipped:</td><td>18/1/0</td>
</tr><tr>
<td>Started on:</td><td>Fri Apr 24 09:42:29 CST 2020</td>
</tr>
<tr><td>Total time:</td><td>218 seconds (218576 ms)</td>
</tr><tr>
<td>Included groups:</td><td></td>
</tr><tr>
<td>Excluded groups:</td><td></td>
</tr>
</table><p/>
<small><i>(Hover the method name to see the test class name)</i></small><p/>
<table width='100%' border='1' class='invocation-failed'>
<tr><td colspan='4' align='center'><b>FAILED TESTS</b></td></tr>
<tr><td><b>Test method</b></td>
<td width="30%"><b>Exception</b></td>
<td width="10%"><b>Time (seconds)</b></td>
<td><b>Instance</b></td>
</tr>
<tr>
<td title='wangxinping.testcase.AddressTest.test_edit_address_name()'><b>test_edit_address_name</b><br>Test class: wangxinping.testcase.AddressTest<br>Test method: 修改地址――收货人<br>Parameters: 小柒01, 更新成功</td>
<td><div><pre>org.openqa.selenium.NoSuchElementException: An element could not be located on the page using the given search parameters.
For documentation on this error, please visit: https://www.seleniumhq.org/exceptions/no_such_element.html
Build info: version: &apos;3.141.59&apos;, revision: &apos;e82be7d358&apos;, time: &apos;2018-11-14T08:25:53&apos;
System info: host: &apos;LAPTOP-GAD15EJN&apos;, ip: &apos;192.168.217.1&apos;, os.name: &apos;Windows 10&apos;, os.arch: &apos;amd64&apos;, os.version: &apos;10.0&apos;, java.version: &apos;1.8.0_73&apos;
Driver info: io.appium.java_client.android.AndroidDriver
Capabilities {appActivity: .welcome.WelcomeActivity, appPackage: com.onepilltest, databaseEnabled: false, desired: {appActivity: .welcome.WelcomeActivity, appPackage: com.onepilltest, deviceName: 127.0.0.1:5037, noReset: true, platformName: android}, deviceApiLevel: 29, deviceManufacturer: Google, deviceModel: Android SDK built for x86, deviceName: emulator-5554, deviceScreenDensity: 560, deviceScreenSize: 1440x2560, deviceUDID: emulator-5554, javascriptEnabled: true, locationContextEnabled: false, networkConnectionEnabled: true, noReset: true, pixelRatio: 3.5, platform: LINUX, platformName: Android, platformVersion: 10, statBarHeight: 84, takesScreenshot: true, viewportRect: {height: 2308, left: 0, top: 84, width: 1440}, warnings: {}, webStorageEnabled: false}
Session ID: f2b8dae7-2962-45d6-ae99-7b6f53642fc8
*** Element info: {Using=xpath, value=//*[@class=&apos;android.widget.Toast&apos;]}
	at sun.reflect.NativeConstructorAccessorImpl.newInstance0(Native Method)
	at sun.reflect.NativeConstructorAccessorImpl.newInstance(Unknown Source)
	at sun.reflect.DelegatingConstructorAccessorImpl.newInstance(Unknown Source)
	at java.lang.reflect.Constructor.newInstance(Unknown Source)
	at org.openqa.selenium.remote.http.W3CHttpResponseCodec.createException(W3CHttpResponseCodec.java:187)
	at org.openqa.selenium.remote.http.W3CHttpResponseCodec.decode(W3CHttpResponseCodec.java:122)
	at org.openqa.selenium.remote.http.W3CHttpResponseCodec.decode(W3CHttpResponseCodec.java:49)
	at org.openqa.selenium.remote.HttpCommandExecutor.execute(HttpCommandExecutor.java:158)
	at io.appium.java_client.remote.AppiumCommandExecutor.execute(AppiumCommandExecutor.java:239)
	at org.openqa.selenium.remote.RemoteWebDriver.execute(RemoteWebDriver.java:552)
	at io.appium.java_client.DefaultGenericMobileDriver.execute(DefaultGenericMobileDriver.java:41)
	at io.appium.java_client.AppiumDriver.execute(AppiumDriver.java:1)
	at io.appium.java_client.android.AndroidDriver.execute(AndroidDriver.java:1)
	at org.openqa.selenium.remote.RemoteWebDriver.findElement(RemoteWebDriver.java:323)
	at io.appium.java_client.DefaultGenericMobileDriver.findElement(DefaultGenericMobileDriver.java:61)
	at io.appium.java_client.AppiumDriver.findElement(AppiumDriver.java:1)
	at io.appium.java_client.android.AndroidDriver.findElement(AndroidDriver.java:1)
	at org.openqa.selenium.remote.RemoteWebDriver.findElementByXPath(RemoteWebDriver.java:428)
	at io.appium.java_client.DefaultGenericMobileDriver.findElementByXPath(DefaultGenericMobileDriver.java:151)
	at io.appium.java_client.AppiumDriver.findElementByXPath(AppiumDriver.java:1)
	at io.appium.java_client.android.AndroidDriver.findElementByXPath(AndroidDriver.java:1)
	at wangxinping.utils.BaseAction.getToast(BaseAction.java:114)
	at wangxinping.pages.AddressPage.edit_address_name(AddressPage.java:87)
	at wangxinping.testcase.AddressTest.test_edit_address_name(AddressTest.java:34)
	at sun.reflect.NativeMethodAccessorImpl.invoke0(Native Method)
	at sun.reflect.NativeMethodAccessorImpl.invoke(Unknown Source)
	at sun.reflect.DelegatingMethodAccessorImpl.invoke(Unknown Source)
	at java.lang.reflect.Method.invoke(Unknown Source)
	at org.testng.internal.MethodInvocationHelper.invokeMethod(MethodInvocationHelper.java:86)
	at org.testng.internal.Invoker.invokeMethod(Invoker.java:645)
	at org.testng.internal.Invoker.invokeTestMethod(Invoker.java:822)
	at org.testng.internal.Invoker.invokeTestMethods(Invoker.java:1130)
	at org.testng.internal.TestMethodWorker.invokeTestMethods(TestMethodWorker.java:129)
	at org.testng.internal.TestMethodWorker.run(TestMethodWorker.java:112)
	at org.testng.TestRunner.privateRun(TestRunner.java:782)
	at org.testng.TestRunner.run(TestRunner.java:632)
	at org.testng.SuiteRunner.runTest(SuiteRunner.java:366)
	at org.testng.SuiteRunner.runSequentially(SuiteRunner.java:361)
	at org.testng.SuiteRunner.privateRun(SuiteRunner.java:319)
	at org.testng.SuiteRunner.run(SuiteRunner.java:268)
	at org.testng.SuiteRunnerWorker.runSuite(SuiteRunnerWorker.java:52)
	at org.testng.SuiteRunnerWorker.run(SuiteRunnerWorker.java:86)
	at org.testng.TestNG.runSuitesSequentially(TestNG.java:1244)
	at org.testng.TestNG.runSuitesLocally(TestNG.java:1169)
	at org.testng.TestNG.run(TestNG.java:1064)
	at org.testng.remote.RemoteTestNG.run(RemoteTestNG.java:113)
	at org.testng.remote.RemoteTestNG.initAndRun(RemoteTestNG.java:206)
	at org.testng.remote.RemoteTestNG.main(RemoteTestNG.java:177)
</pre></div><a href='#' onClick='toggleBox("stack-trace552674617", this, "Click to show all stack frames", "Click to hide stack frames")'>Click to show all stack frames</a>
<div class='stack-trace' id='stack-trace552674617'><pre>org.openqa.selenium.NoSuchElementException: An element could not be located on the page using the given search parameters.
For documentation on this error, please visit: https://www.seleniumhq.org/exceptions/no_such_element.html
Build info: version: &apos;3.141.59&apos;, revision: &apos;e82be7d358&apos;, time: &apos;2018-11-14T08:25:53&apos;
System info: host: &apos;LAPTOP-GAD15EJN&apos;, ip: &apos;192.168.217.1&apos;, os.name: &apos;Windows 10&apos;, os.arch: &apos;amd64&apos;, os.version: &apos;10.0&apos;, java.version: &apos;1.8.0_73&apos;
Driver info: io.appium.java_client.android.AndroidDriver
Capabilities {appActivity: .welcome.WelcomeActivity, appPackage: com.onepilltest, databaseEnabled: false, desired: {appActivity: .welcome.WelcomeActivity, appPackage: com.onepilltest, deviceName: 127.0.0.1:5037, noReset: true, platformName: android}, deviceApiLevel: 29, deviceManufacturer: Google, deviceModel: Android SDK built for x86, deviceName: emulator-5554, deviceScreenDensity: 560, deviceScreenSize: 1440x2560, deviceUDID: emulator-5554, javascriptEnabled: true, locationContextEnabled: false, networkConnectionEnabled: true, noReset: true, pixelRatio: 3.5, platform: LINUX, platformName: Android, platformVersion: 10, statBarHeight: 84, takesScreenshot: true, viewportRect: {height: 2308, left: 0, top: 84, width: 1440}, warnings: {}, webStorageEnabled: false}
Session ID: f2b8dae7-2962-45d6-ae99-7b6f53642fc8
*** Element info: {Using=xpath, value=//*[@class=&apos;android.widget.Toast&apos;]}
	at sun.reflect.NativeConstructorAccessorImpl.newInstance0(Native Method)
	at sun.reflect.NativeConstructorAccessorImpl.newInstance(Unknown Source)
	at sun.reflect.DelegatingConstructorAccessorImpl.newInstance(Unknown Source)
	at java.lang.reflect.Constructor.newInstance(Unknown Source)
	at org.openqa.selenium.remote.http.W3CHttpResponseCodec.createException(W3CHttpResponseCodec.java:187)
	at org.openqa.selenium.remote.http.W3CHttpResponseCodec.decode(W3CHttpResponseCodec.java:122)
	at org.openqa.selenium.remote.http.W3CHttpResponseCodec.decode(W3CHttpResponseCodec.java:49)
	at org.openqa.selenium.remote.HttpCommandExecutor.execute(HttpCommandExecutor.java:158)
	at io.appium.java_client.remote.AppiumCommandExecutor.execute(AppiumCommandExecutor.java:239)
	at org.openqa.selenium.remote.RemoteWebDriver.execute(RemoteWebDriver.java:552)
	at io.appium.java_client.DefaultGenericMobileDriver.execute(DefaultGenericMobileDriver.java:41)
	at io.appium.java_client.AppiumDriver.execute(AppiumDriver.java:1)
	at io.appium.java_client.android.AndroidDriver.execute(AndroidDriver.java:1)
	at org.openqa.selenium.remote.RemoteWebDriver.findElement(RemoteWebDriver.java:323)
	at io.appium.java_client.DefaultGenericMobileDriver.findElement(DefaultGenericMobileDriver.java:61)
	at io.appium.java_client.AppiumDriver.findElement(AppiumDriver.java:1)
	at io.appium.java_client.android.AndroidDriver.findElement(AndroidDriver.java:1)
	at org.openqa.selenium.remote.RemoteWebDriver.findElementByXPath(RemoteWebDriver.java:428)
	at io.appium.java_client.DefaultGenericMobileDriver.findElementByXPath(DefaultGenericMobileDriver.java:151)
	at io.appium.java_client.AppiumDriver.findElementByXPath(AppiumDriver.java:1)
	at io.appium.java_client.android.AndroidDriver.findElementByXPath(AndroidDriver.java:1)
	at wangxinping.utils.BaseAction.getToast(BaseAction.java:114)
	at wangxinping.pages.AddressPage.edit_address_name(AddressPage.java:87)
	at wangxinping.testcase.AddressTest.test_edit_address_name(AddressTest.java:34)
	at sun.reflect.NativeMethodAccessorImpl.invoke0(Native Method)
	at sun.reflect.NativeMethodAccessorImpl.invoke(Unknown Source)
	at sun.reflect.DelegatingMethodAccessorImpl.invoke(Unknown Source)
	at java.lang.reflect.Method.invoke(Unknown Source)
	at org.testng.internal.MethodInvocationHelper.invokeMethod(MethodInvocationHelper.java:86)
	at org.testng.internal.Invoker.invokeMethod(Invoker.java:645)
	at org.testng.internal.Invoker.invokeTestMethod(Invoker.java:822)
	at org.testng.internal.Invoker.invokeTestMethods(Invoker.java:1130)
	at org.testng.internal.TestMethodWorker.invokeTestMethods(TestMethodWorker.java:129)
	at org.testng.internal.TestMethodWorker.run(TestMethodWorker.java:112)
	at org.testng.TestRunner.privateRun(TestRunner.java:782)
	at org.testng.TestRunner.run(TestRunner.java:632)
	at org.testng.SuiteRunner.runTest(SuiteRunner.java:366)
	at org.testng.SuiteRunner.runSequentially(SuiteRunner.java:361)
	at org.testng.SuiteRunner.privateRun(SuiteRunner.java:319)
	at org.testng.SuiteRunner.run(SuiteRunner.java:268)
	at org.testng.SuiteRunnerWorker.runSuite(SuiteRunnerWorker.java:52)
	at org.testng.SuiteRunnerWorker.run(SuiteRunnerWorker.java:86)
	at org.testng.TestNG.runSuitesSequentially(TestNG.java:1244)
	at org.testng.TestNG.runSuitesLocally(TestNG.java:1169)
	at org.testng.TestNG.run(TestNG.java:1064)
	at org.testng.remote.RemoteTestNG.run(RemoteTestNG.java:113)
	at org.testng.remote.RemoteTestNG.initAndRun(RemoteTestNG.java:206)
	at org.testng.remote.RemoteTestNG.main(RemoteTestNG.java:177)
</pre></div></td>
<td>8</td>
<td>wangxinping.testcase.AddressTest@591f989e</td></tr>
</table><p>
<table width='100%' border='1' class='invocation-passed'>
<tr><td colspan='4' align='center'><b>PASSED TESTS</b></td></tr>
<tr><td><b>Test method</b></td>
<td width="30%"><b>Exception</b></td>
<td width="10%"><b>Time (seconds)</b></td>
<td><b>Instance</b></td>
</tr>
<tr>
<td title='wangxinping.testcase.AddressTest.loginsucess()'><b>loginsucess</b><br>Test class: wangxinping.testcase.AddressTest</td>
<td></td>
<td>9</td>
<td>wangxinping.testcase.AddressTest@591f989e</td></tr>
<tr>
<td title='wangxinping.testcase.AddressTest.test_edit_address_address()'><b>test_edit_address_address</b><br>Test class: wangxinping.testcase.AddressTest<br>Test method: 修改地区信息<br>Parameters: 河北省唐山市路北区, 修改成功</td>
<td></td>
<td>12</td>
<td>wangxinping.testcase.AddressTest@591f989e</td></tr>
<tr>
<td title='wangxinping.testcase.AddressTest.test_edit_address_address()'><b>test_edit_address_address</b><br>Test class: wangxinping.testcase.AddressTest<br>Test method: 修改地区信息<br>Parameters: 湖北省石家庄市, 修改失败</td>
<td></td>
<td>11</td>
<td>wangxinping.testcase.AddressTest@591f989e</td></tr>
<tr>
<td title='wangxinping.testcase.AddressTest.test_edit_address_address()'><b>test_edit_address_address</b><br>Test class: wangxinping.testcase.AddressTest<br>Test method: 修改地区信息<br>Parameters: 河北省唐山市裕华区, 修改失败</td>
<td></td>
<td>11</td>
<td>wangxinping.testcase.AddressTest@591f989e</td></tr>
<tr>
<td title='wangxinping.testcase.AddressTest.test_edit_address_address()'><b>test_edit_address_address</b><br>Test class: wangxinping.testcase.AddressTest<br>Test method: 修改地区信息<br>Parameters: 天津市*%$#@, 修改失败</td>
<td></td>
<td>11</td>
<td>wangxinping.testcase.AddressTest@591f989e</td></tr>
<tr>
<td title='wangxinping.testcase.AddressTest.test_edit_address_more()'><b>test_edit_address_more</b><br>Test class: wangxinping.testcase.AddressTest<br>Test method: 修改详细地址<br>Parameters: 裕华区裕翔街河北师范大学, 修改成功</td>
<td></td>
<td>11</td>
<td>wangxinping.testcase.AddressTest@591f989e</td></tr>
<tr>
<td title='wangxinping.testcase.AddressTest.test_edit_address_more()'><b>test_edit_address_more</b><br>Test class: wangxinping.testcase.AddressTest<br>Test method: 修改详细地址<br>Parameters: 长安区裕翔街河北师范大学, 修改失败</td>
<td></td>
<td>12</td>
<td>wangxinping.testcase.AddressTest@591f989e</td></tr>
<tr>
<td title='wangxinping.testcase.AddressTest.test_edit_address_more()'><b>test_edit_address_more</b><br>Test class: wangxinping.testcase.AddressTest<br>Test method: 修改详细地址<br>Parameters: 长安区%#%&*河北师范大学, 修改失败</td>
<td></td>
<td>11</td>
<td>wangxinping.testcase.AddressTest@591f989e</td></tr>
<tr>
<td title='wangxinping.testcase.AddressTest.test_edit_address_more()'><b>test_edit_address_more</b><br>Test class: wangxinping.testcase.AddressTest<br>Test method: 修改详细地址<br>Parameters: $#^&*, 修改失败</td>
<td></td>
<td>11</td>
<td>wangxinping.testcase.AddressTest@591f989e</td></tr>
<tr>
<td title='wangxinping.testcase.AddressTest.test_edit_address_name()'><b>test_edit_address_name</b><br>Test class: wangxinping.testcase.AddressTest<br>Test method: 修改地址――收货人<br>Parameters: 012345, 更新成功</td>
<td></td>
<td>12</td>
<td>wangxinping.testcase.AddressTest@591f989e</td></tr>
<tr>
<td title='wangxinping.testcase.AddressTest.test_edit_address_name()'><b>test_edit_address_name</b><br>Test class: wangxinping.testcase.AddressTest<br>Test method: 修改地址――收货人<br>Parameters: Crush, 更新成功</td>
<td></td>
<td>12</td>
<td>wangxinping.testcase.AddressTest@591f989e</td></tr>
<tr>
<td title='wangxinping.testcase.AddressTest.test_edit_address_name()'><b>test_edit_address_name</b><br>Test class: wangxinping.testcase.AddressTest<br>Test method: 修改地址――收货人<br>Parameters: daisy123, 更新成功</td>
<td></td>
<td>12</td>
<td>wangxinping.testcase.AddressTest@591f989e</td></tr>
<tr>
<td title='wangxinping.testcase.AddressTest.test_edit_address_name()'><b>test_edit_address_name</b><br>Test class: wangxinping.testcase.AddressTest<br>Test method: 修改地址――收货人<br>Parameters: 小柒, 更新成功</td>
<td></td>
<td>11</td>
<td>wangxinping.testcase.AddressTest@591f989e</td></tr>
<tr>
<td title='wangxinping.testcase.AddressTest.test_edit_address_name()'><b>test_edit_address_name</b><br>Test class: wangxinping.testcase.AddressTest<br>Test method: 修改地址――收货人<br>Parameters: 小柒crush, 更新成功</td>
<td></td>
<td>11</td>
<td>wangxinping.testcase.AddressTest@591f989e</td></tr>
<tr>
<td title='wangxinping.testcase.AddressTest.test_edit_address_name()'><b>test_edit_address_name</b><br>Test class: wangxinping.testcase.AddressTest<br>Test method: 修改地址――收货人<br>Parameters: ahdusifds
utrkbfjifhdnsjfhsabesjffbsahdkefsd, 更新失败</td>
<td></td>
<td>11</td>
<td>wangxinping.testcase.AddressTest@591f989e</td></tr>
<tr>
<td title='wangxinping.testcase.AddressTest.test_edit_address_name()'><b>test_edit_address_name</b><br>Test class: wangxinping.testcase.AddressTest<br>Test method: 修改地址――收货人<br>Parameters: $#@*&, 更新失败</td>
<td></td>
<td>11</td>
<td>wangxinping.testcase.AddressTest@591f989e</td></tr>
<tr>
<td title='wangxinping.testcase.AddressTest.test_edit_address_phone()'><b>test_edit_address_phone</b><br>Test class: wangxinping.testcase.AddressTest<br>Test method: 修改地址――手机号码<br>Parameters: 173630276460, 修改失败</td>
<td></td>
<td>10</td>
<td>wangxinping.testcase.AddressTest@591f989e</td></tr>
<tr>
<td title='wangxinping.testcase.AddressTest.test_edit_address_phone()'><b>test_edit_address_phone</b><br>Test class: wangxinping.testcase.AddressTest<br>Test method: 修改地址――手机号码<br>Parameters: 1736302764, 修改失败</td>
<td></td>
<td>11</td>
<td>wangxinping.testcase.AddressTest@591f989e</td></tr>
</table><p>
</body>
</html>