<?xml version="1.0" encoding="UTF-8"?>
<!-- Generated by org.testng.reporters.JUnitXMLReporter -->
<testsuite hostname="LAPTOP-GAD15EJN" name="Default test" tests="27" failures="1" timestamp="1 May 2020 10:01:56 GMT" time="328.053" errors="0">
  <testcase name="loginsucess" time="12.643" classname="wangxinping.testcase.AddressTest"/>
  <testcase name="test_edit_address_name" time="12.318" classname="wangxinping.testcase.AddressTest"/>
  <testcase name="test_edit_address_name" time="11.469" classname="wangxinping.testcase.AddressTest"/>
  <testcase name="test_edit_address_name" time="10.97" classname="wangxinping.testcase.AddressTest"/>
  <testcase name="test_edit_address_name" time="11.276" classname="wangxinping.testcase.AddressTest"/>
  <testcase name="test_edit_address_name" time="11.535" classname="wangxinping.testcase.AddressTest"/>
  <testcase name="test_edit_address_name" time="11.2" classname="wangxinping.testcase.AddressTest"/>
  <testcase name="test_edit_address_name" time="11.417" classname="wangxinping.testcase.AddressTest"/>
  <testcase name="test_edit_address_name" time="11.115" classname="wangxinping.testcase.AddressTest"/>
  <testcase name="test_edit_address_phone" time="11.634" classname="wangxinping.testcase.AddressTest"/>
  <testcase name="test_edit_address_phone" time="11.754" classname="wangxinping.testcase.AddressTest"/>
  <testcase name="test_edit_address_address" time="11.288" classname="wangxinping.testcase.AddressTest"/>
  <testcase name="test_edit_address_address" time="11.766" classname="wangxinping.testcase.AddressTest"/>
  <testcase name="test_edit_address_address" time="7.404" classname="wangxinping.testcase.AddressTest">
    <failure type="org.openqa.selenium.NoSuchElementException" message="An element could not be located on the page using the given search parameters.
For documentation on this error, please visit: https://www.seleniumhq.org/exceptions/no_such_element.html
Build info: version: &amp;apos;3.141.59&amp;apos;, revision: &amp;apos;e82be7d358&amp;apos;, time: &amp;apos;2018-11-14T08:25:53&amp;apos;
System info: host: &amp;apos;LAPTOP-GAD15EJN&amp;apos;, ip: &amp;apos;192.168.217.1&amp;apos;, os.name: &amp;apos;Windows 10&amp;apos;, os.arch: &amp;apos;amd64&amp;apos;, os.version: &amp;apos;10.0&amp;apos;, java.version: &amp;apos;1.8.0_73&amp;apos;
Driver info: io.appium.java_client.android.AndroidDriver
Capabilities {appActivity: .welcome.WelcomeActivity, appPackage: com.onepilltest, databaseEnabled: false, desired: {appActivity: .welcome.WelcomeActivity, appPackage: com.onepilltest, deviceName: 127.0.0.1:5037, noReset: true, platformName: android}, deviceApiLevel: 29, deviceManufacturer: Google, deviceModel: Android SDK built for x86, deviceName: emulator-5554, deviceScreenDensity: 560, deviceScreenSize: 1440x2560, deviceUDID: emulator-5554, javascriptEnabled: true, locationContextEnabled: false, networkConnectionEnabled: true, noReset: true, pixelRatio: 3.5, platform: LINUX, platformName: Android, platformVersion: 10, statBarHeight: 84, takesScreenshot: true, viewportRect: {height: 2308, left: 0, top: 84, width: 1440}, warnings: {}, webStorageEnabled: false}
Session ID: bf392f55-3e1c-44ce-971d-5582662dcf34
*** Element info: {Using=xpath, value=//*[@class=&amp;apos;android.widget.Toast&amp;apos;]}">
      <![CDATA[org.openqa.selenium.NoSuchElementException: An element could not be located on the page using the given search parameters.
For documentation on this error, please visit: https://www.seleniumhq.org/exceptions/no_such_element.html
Build info: version: '3.141.59', revision: 'e82be7d358', time: '2018-11-14T08:25:53'
System info: host: 'LAPTOP-GAD15EJN', ip: '192.168.217.1', os.name: 'Windows 10', os.arch: 'amd64', os.version: '10.0', java.version: '1.8.0_73'
Driver info: io.appium.java_client.android.AndroidDriver
Capabilities {appActivity: .welcome.WelcomeActivity, appPackage: com.onepilltest, databaseEnabled: false, desired: {appActivity: .welcome.WelcomeActivity, appPackage: com.onepilltest, deviceName: 127.0.0.1:5037, noReset: true, platformName: android}, deviceApiLevel: 29, deviceManufacturer: Google, deviceModel: Android SDK built for x86, deviceName: emulator-5554, deviceScreenDensity: 560, deviceScreenSize: 1440x2560, deviceUDID: emulator-5554, javascriptEnabled: true, locationContextEnabled: false, networkConnectionEnabled: true, noReset: true, pixelRatio: 3.5, platform: LINUX, platformName: Android, platformVersion: 10, statBarHeight: 84, takesScreenshot: true, viewportRect: {height: 2308, left: 0, top: 84, width: 1440}, warnings: {}, webStorageEnabled: false}
Session ID: bf392f55-3e1c-44ce-971d-5582662dcf34
*** Element info: {Using=xpath, value=//*[@class='android.widget.Toast']}
	at sun.reflect.NativeConstructorAccessorImpl.newInstance0(Native Method)
	at sun.reflect.NativeConstructorAccessorImpl.newInstance(Unknown Source)
	at sun.reflect.DelegatingConstructorAccessorImpl.newInstance(Unknown Source)
	at java.lang.reflect.Constructor.newInstance(Unknown Source)
	at org.openqa.selenium.remote.http.W3CHttpResponseCodec.createException(W3CHttpResponseCodec.java:187)
	at org.openqa.selenium.remote.http.W3CHttpResponseCodec.decode(W3CHttpResponseCodec.java:122)
	at org.openqa.selenium.remote.http.W3CHttpResponseCodec.decode(W3CHttpResponseCodec.java:49)
	at org.openqa.selenium.remote.HttpCommandExecutor.execute(HttpCommandExecutor.java:158)
	at io.appium.java_client.remote.AppiumCommandExecutor.execute(AppiumCommandExecutor.java:239)
	at org.openqa.selenium.remote.RemoteWebDriver.execute(RemoteWebDriver.java:552)
	at io.appium.java_client.DefaultGenericMobileDriver.execute(DefaultGenericMobileDriver.java:41)
	at io.appium.java_client.AppiumDriver.execute(AppiumDriver.java:1)
	at io.appium.java_client.android.AndroidDriver.execute(AndroidDriver.java:1)
	at org.openqa.selenium.remote.RemoteWebDriver.findElement(RemoteWebDriver.java:323)
	at io.appium.java_client.DefaultGenericMobileDriver.findElement(DefaultGenericMobileDriver.java:61)
	at io.appium.java_client.AppiumDriver.findElement(AppiumDriver.java:1)
	at io.appium.java_client.android.AndroidDriver.findElement(AndroidDriver.java:1)
	at org.openqa.selenium.remote.RemoteWebDriver.findElementByXPath(RemoteWebDriver.java:428)
	at io.appium.java_client.DefaultGenericMobileDriver.findElementByXPath(DefaultGenericMobileDriver.java:151)
	at io.appium.java_client.AppiumDriver.findElementByXPath(AppiumDriver.java:1)
	at io.appium.java_client.android.AndroidDriver.findElementByXPath(AndroidDriver.java:1)
	at wangxinping.utils.BaseAction.getToast(BaseAction.java:114)
	at wangxinping.pages.AddressPage.edit_address_address(AddressPage.java:136)
	at wangxinping.testcase.AddressTest.test_edit_address_address(AddressTest.java:64)
	at sun.reflect.NativeMethodAccessorImpl.invoke0(Native Method)
	at sun.reflect.NativeMethodAccessorImpl.invoke(Unknown Source)
	at sun.reflect.DelegatingMethodAccessorImpl.invoke(Unknown Source)
	at java.lang.reflect.Method.invoke(Unknown Source)
	at org.testng.internal.MethodInvocationHelper.invokeMethod(MethodInvocationHelper.java:86)
	at org.testng.internal.Invoker.invokeMethod(Invoker.java:645)
	at org.testng.internal.Invoker.invokeTestMethod(Invoker.java:822)
	at org.testng.internal.Invoker.invokeTestMethods(Invoker.java:1130)
	at org.testng.internal.TestMethodWorker.invokeTestMethods(TestMethodWorker.java:129)
	at org.testng.internal.TestMethodWorker.run(TestMethodWorker.java:112)
	at org.testng.TestRunner.privateRun(TestRunner.java:782)
	at org.testng.TestRunner.run(TestRunner.java:632)
	at org.testng.SuiteRunner.runTest(SuiteRunner.java:366)
	at org.testng.SuiteRunner.runSequentially(SuiteRunner.java:361)
	at org.testng.SuiteRunner.privateRun(SuiteRunner.java:319)
	at org.testng.SuiteRunner.run(SuiteRunner.java:268)
	at org.testng.SuiteRunnerWorker.runSuite(SuiteRunnerWorker.java:52)
	at org.testng.SuiteRunnerWorker.run(SuiteRunnerWorker.java:86)
	at org.testng.TestNG.runSuitesSequentially(TestNG.java:1244)
	at org.testng.TestNG.runSuitesLocally(TestNG.java:1169)
	at org.testng.TestNG.run(TestNG.java:1064)
	at org.testng.remote.RemoteTestNG.run(RemoteTestNG.java:113)
	at org.testng.remote.RemoteTestNG.initAndRun(RemoteTestNG.java:206)
	at org.testng.remote.RemoteTestNG.main(RemoteTestNG.java:177)
]]>
    </failure>
  </testcase> <!-- test_edit_address_address -->
  <testcase name="test_edit_address_address" time="11.406" classname="wangxinping.testcase.AddressTest"/>
  <testcase name="test_edit_address_more" time="11.529" classname="wangxinping.testcase.AddressTest"/>
  <testcase name="test_edit_address_more" time="11.76" classname="wangxinping.testcase.AddressTest"/>
  <testcase name="test_edit_address_more" time="11.203" classname="wangxinping.testcase.AddressTest"/>
  <testcase name="test_edit_address_more" time="11.465" classname="wangxinping.testcase.AddressTest"/>
  <testcase name="test_edit_address_code" time="13.281" classname="wangxinping.testcase.AddressTest"/>
  <testcase name="test_edit_address_code" time="10.961" classname="wangxinping.testcase.AddressTest"/>
  <testcase name="test_add_address" time="14.835" classname="wangxinping.testcase.AddressTest"/>
  <testcase name="test_add_address" time="13.668" classname="wangxinping.testcase.AddressTest"/>
  <testcase name="test_add_address" time="14.67" classname="wangxinping.testcase.AddressTest"/>
  <testcase name="test_add_address" time="13.187" classname="wangxinping.testcase.AddressTest"/>
  <testcase name="test_add_address" time="15.029" classname="wangxinping.testcase.AddressTest"/>
  <testcase name="test_add_address" time="14.793" classname="wangxinping.testcase.AddressTest"/>
</testsuite> <!-- Default test -->
